<?xml version="1.0" encoding="utf-8"?><testsuites name="pytest tests"><testsuite name="pytest" errors="0" failures="0" skipped="0" tests="5" time="19.813" timestamp="2026-05-16T02:02:27.671367+00:00" hostname="agent-env-b28fa0d2-c592-40b0-baf9-2cdb91296259"><testcase classname="backend.tests.test_astra_features.TestAuthFingerprint" name="test_register_login_with_fingerprint" time="0.884" /><testcase classname="backend.tests.test_astra_features.TestAuthFingerprint" name="test_register_without_fingerprint_works" time="0.342" /><testcase classname="backend.tests.test_astra_features.TestHardwareBan" name="test_hwban_flow" time="1.796" /><testcase classname="backend.tests.test_astra_features" name="test_remote_control_via_ws" time="15.059" /><testcase classname="backend.tests.test_astra_features" name="test_chat_delete_flows" time="1.664" /></testsuite></testsuites>