<?xml version="1.0" encoding="utf-8"?><testsuites name="pytest tests"><testsuite name="pytest" errors="0" failures="0" skipped="0" tests="8" time="5.268" timestamp="2026-05-16T02:35:18.622425+00:00" hostname="agent-env-b28fa0d2-c592-40b0-baf9-2cdb91296259"><testcase classname="backend.tests.test_iter3_cookies.TestAuthSessionCookie" name="test_register_sets_session_cookie" time="0.436" /><testcase classname="backend.tests.test_iter3_cookies.TestAuthSessionCookie" name="test_login_sets_session_cookie" time="0.745" /><testcase classname="backend.tests.test_iter3_cookies.TestPerUserCookieJar" name="test_cookie_jar_captures_and_replays_upstream" time="0.769" /><testcase classname="backend.tests.test_iter3_cookies.TestPerUserCookieJar" name="test_cookies_are_user_scoped" time="1.134" /><testcase classname="backend.tests.test_iter3_cookies.TestPerUserCookieJar" name="test_anonymous_no_cookie_jar" time="0.254" /><testcase classname="backend.tests.test_iter3_cookies.TestClearCookies" name="test_clear_cookies_removes_jar" time="1.096" /><testcase classname="backend.tests.test_iter3_cookies.TestClearCookies" name="test_clear_cookies_requires_auth" time="0.107" /><testcase classname="backend.tests.test_iter3_cookies.TestBlockedPageNoExternalLinks" name="test_blocked_page_no_external_anchor" time="0.624" /></testsuite></testsuites>