<?xml version="1.0" encoding="utf-8"?><testsuites name="pytest tests"><testsuite name="pytest" errors="0" failures="0" skipped="0" tests="8" time="2.655" timestamp="2026-05-16T02:18:56.102386+00:00" hostname="agent-env-b28fa0d2-c592-40b0-baf9-2cdb91296259"><testcase classname="backend.tests.test_proxy.TestProxyRewriting" name="test_proxy_health" time="0.190" /><testcase classname="backend.tests.test_proxy.TestProxyRewriting" name="test_example_dot_com_base_and_shim" time="0.218" /><testcase classname="backend.tests.test_proxy.TestProxyRewriting" name="test_duckduckgo_shim_and_wrapping" time="0.373" /><testcase classname="backend.tests.test_proxy.TestProxyRewriting" name="test_hn_links_wrapped" time="0.493" /><testcase classname="backend.tests.test_proxy.TestProxyRewriting" name="test_mdn_shim_and_base" time="0.275" /><testcase classname="backend.tests.test_proxy.TestProxyRewriting" name="test_github_shim_and_links" time="0.459" /><testcase classname="backend.tests.test_proxy.TestProxyBotBlockFallback" name="test_wikipedia_bot_block_friendly_page" time="0.327" /><testcase classname="backend.tests.test_proxy.TestProxyCssRewriting" name="test_css_url_rewrite_from_example" time="0.255" /></testsuite></testsuites>