<?xml version="1.0" encoding="utf-8"?><testsuites name="pytest tests"><testsuite name="pytest" errors="0" failures="0" skipped="0" tests="10" time="2.191" timestamp="2026-05-15T00:17:27.564027+00:00" hostname="agent-env-b28fa0d2-c592-40b0-baf9-2cdb91296259"><testcase classname="backend.tests.backend_test.TestExistingEndpoints" name="test_hello_world" time="0.253" /><testcase classname="backend.tests.backend_test.TestExistingEndpoints" name="test_create_status" time="0.189" /><testcase classname="backend.tests.backend_test.TestExistingEndpoints" name="test_get_status_list" time="0.143" /><testcase classname="backend.tests.backend_test.TestProxyHealth" name="test_proxy_health" time="0.124" /><testcase classname="backend.tests.backend_test.TestProxyFetch" name="test_proxy_example_com" time="0.284" /><testcase classname="backend.tests.backend_test.TestProxyFetch" name="test_proxy_strips_security_headers" time="0.242" /><testcase classname="backend.tests.backend_test.TestProxyFetch" name="test_proxy_injects_base_tag" time="0.176" /><testcase classname="backend.tests.backend_test.TestProxyFetch" name="test_proxy_rewrites_links" time="0.188" /><testcase classname="backend.tests.backend_test.TestProxyFetch" name="test_proxy_handles_bare_domain" time="0.223" /><testcase classname="backend.tests.backend_test.TestProxyFetch" name="test_proxy_handles_network_error" time="0.168" /></testsuite></testsuites>